     1 00000000                                 ; hello-os
     2 00000000                                 ; TAB = 4
     3 00000000                                 
     4                                                  ORG     0x7c00              ; 指明程序的装载地址
     5 00007C00                                 
     6 00007C00                                 ; 以下的记述用于标准FAT12格式的软盘
     7 00007C00                                 
     8 00007C00 EB 4E                                   JMP     entry
     9 00007C02 90                                      DB      0x90
    10 00007C03 48 41 52 49 42 4F 54 45                 DB      "HARIBOTE"          ; 启动区的名称可是任意的字符串
    11 00007C0B 0200                                    DW      512                 ; 每个扇区（sector）的大小（必须为512字节）
    12 00007C0D 01                                      DB      1                   ; 簇(cluster)的大小（必须为1个扇区）
    13 00007C0E 0001                                    DW      1                   ; FAT12的起始位置（一般从第一个扇区开始）
    14 00007C10 02                                      DB      2                   ; FAT的个数（必须为2）
    15 00007C11 00E0                                    DW      224                 ; 根目录的大小（一般设成224项）
    16 00007C13 0B40                                    DW      2880                ; 该磁盘的大小（必须是2880扇区）
    17 00007C15 F0                                      DB      0xf0                ; 磁盘的种类（必须是0xf0）
    18 00007C16 0009                                    DW      9                   ; FAT的长度（必须是9扇区）
    19 00007C18 0012                                    DW      18                  ; 一个磁道（track)有几个扇区（必须是18）
    20 00007C1A 0002                                    DW      2                   ; 磁头数（必须是2）
    21 00007C1C 00000000                                DD      0                   ; 不使用分区，必须是0
    22 00007C20 00000B40                                DD      2880                ; 重写一次磁盘大小
    23 00007C24 00 00 29                                DB      0,0,0x29            ; 意义不明固定
    24 00007C27 FFFFFFFF                                DD      0xffffffff          ; （可能是）卷标号码
    25 00007C2B 48 41 52 49 42 4F 54 45 4F 53           DB      "HARIBOTEOS "       ; 磁盘的名称（11字节）
       00007C35 20 
    26 00007C36 46 41 54 31 32 20 20 20                 DB      "FAT12   "          ; 磁盘格式名称
    27 00007C3E 00 00 00 00 00 00 00 00 00 00           RESB    18                  ; 先空出18字节
       00007C48 00 00 00 00 00 00 00 00 
    28 00007C50                                 
    29 00007C50                                 ; 程序主体
    30 00007C50                                 
    31 00007C50                                 entry:
    32 00007C50 B8 0000                                 MOV     AX,0
    33 00007C53 8E D0                                   MOV     SS,AX
    34 00007C55 BC 7C00                                 MOV     SP,0x7c00
    35 00007C58 8E D8                                   MOV     DS,AX
    36 00007C5A 8E C0                                   MOV     ES,AX
    37 00007C5C                                 
    38 00007C5C                                 ; 读光盘
    39  = 0000000A                                      CYLS    EQU 10
    40 00007C5C B8 0820                                 MOV     AX,0x0820
    41 00007C5F 8E C0                                   MOV     ES,AX
    42 00007C61 B5 00                                   MOV     CH,0                ; 柱面0
    43 00007C63 B6 00                                   MOV     DH,0                ; 磁头0
    44 00007C65 B1 02                                   MOV     CL,2                ; 扇区2
    45 00007C67                                 
    46 00007C67                                 ; 虽然读完了，但是因为暂时没有要做的事所以停止等待指令
    47 00007C67                                 
    48 00007C67                                 readloop:
    49 00007C67 BE 0000                                 MOV     SI, 0               ; 记录失败次数寄存器
    50 00007C6A                                 
    51 00007C6A                                 retry:
    52 00007C6A B4 02                                   MOV     AH,0x02             ; AH=0x02, 读入扇区
    53 00007C6C B0 01                                   MOV     AL,1                ; 1个扇区
    54 00007C6E BB 0000                                 MOV     BX,0
    55 00007C71 B2 00                                   MOV     DL,0x00             ; A驱动器
    56 00007C73 CD 13                                   INT     0x13                ; 调用磁盘BIOS
    57 00007C75 73 10                                   JNC     next                ; 没出错的话跳转到next, 继续读盘
    58 00007C77 83 C6 01                                ADD     SI,1                ; 往SI加1
    59 00007C7A 83 FE 05                                CMP     SI,5                ; 比较SI与5
    60 00007C7D 73 2E                                   JAE     error               ; SI >= 5时，跳转到error
    61 00007C7F B4 00                                   MOV     AH,0x00
    62 00007C81 B2 00                                   MOV     DL,0x00             ; A驱动器
    63 00007C83 CD 13                                   INT     0x13                ; 重置驱动器
    64 00007C85 EB E3                                   JMP     retry
    65 00007C87                                 
    66 00007C87                                 next:
    67 00007C87 8C C0                                   MOV     AX,ES               ; ES用来指定读入地址，把ES中的内存地址往后移0x200
    68 00007C89 05 0020                                 ADD     AX,0x0020
    69 00007C8C 8E C0                                   MOV     ES,AX               ; 寄存器中没有直接加法的函数，因此这里需要绕个弯
    70 00007C8E 80 C1 01                                ADD     CL,1                ; 扇区 + 1
    71 00007C91 80 F9 12                                CMP     CL,18               ; 比较CL和18
    72 00007C94 76 D1                                   JBE     readloop            ; 如果 CL <= 18 跳转至readloop
    73 00007C96 B1 01                                   MOV     CL,1
    74 00007C98 80 C6 01                                ADD     DH,1
    75 00007C9B 80 FE 02                                CMP     DH,2
    76 00007C9E 72 C7                                   JB      readloop ; 如果DH < 2，则跳转到readloop
    77 00007CA0 B6 00                                   MOV     DH,0
    78 00007CA2 80 C5 01                                ADD     CH,1
    79 00007CA5 80 FD 0A                                CMP     CH,CYLS
    80 00007CA8 72 BD                                   JB      readloop ; 如果CH < CYLS，则跳转到readloop
    81 00007CAA                                 
    82 00007CAA                                 fin:
    83 00007CAA F4                                      HLT                         ; 让CPU停止，等待指令
    84 00007CAB EB FD                                   JMP     fin                 ; 无限循环
    85 00007CAD                                 
    86 00007CAD                                 error:
    87 00007CAD BE 7CC2                                 MOV     SI,msg
    88 00007CB0                                 
    89 00007CB0                                 putloop:
    90 00007CB0 8A 04                                   MOV     AL,[SI]
    91 00007CB2 83 C6 01                                ADD     SI,1                ; 给SI加1
    92 00007CB5 3C 00                                   CMP     AL,0
    93 00007CB7 74 F1                                   JE      fin
    94 00007CB9 B4 0E                                   MOV     AH,0x0e             ; 显示一个文字
    95 00007CBB BB 000A                                 MOV     BX,10               ; 指定字符颜色
    96 00007CBE CD 10                                   INT     0x10                ; 调用显卡BIOS
    97 00007CC0 EB EE                                   JMP     putloop
    98 00007CC2                                 
    99 00007CC2                                 msg:
   100 00007CC2 0A 0A                                   DB      0x0a, 0x0a          ; 换行两次
   101 00007CC4 6C 6F 61 64 20 65 72 72 6F 72           DB      "load error"
   102 00007CCE 0A                                      DB      0x0a
   103 00007CCF 00                                      DB      0
   104 00007CD0 00 00 00 00 00 00 00 00 00 00           RESB    0x7dfe-$
       00007CDA 00 00 00 00 00 00 00 00 00 00 
       00007CE4 00 00 00 00 00 00 00 00 00 00 
       00007CEE 00 00 00 00 00 00 00 00 00 00 
       00007CF8 00 00 00 00 00 00 00 00 00 00 
       00007D02 00 00 00 00 00 00 00 00 00 00 
       00007D0C 00 00 00 00 00 00 00 00 00 00 
       00007D16 00 00 00 00 00 00 00 00 00 00 
       00007D20 00 00 00 00 00 00 00 00 00 00 
       00007D2A 00 00 00 00 00 00 00 00 00 00 
       00007D34 00 00 00 00 00 00 00 00 00 00 
       00007D3E 00 00 00 00 00 00 00 00 00 00 
       00007D48 00 00 00 00 00 00 00 00 00 00 
       00007D52 00 00 00 00 00 00 00 00 00 00 
       00007D5C 00 00 00 00 00 00 00 00 00 00 
       00007D66 00 00 00 00 00 00 00 00 00 00 
       00007D70 00 00 00 00 00 00 00 00 00 00 
       00007D7A 00 00 00 00 00 00 00 00 00 00 
       00007D84 00 00 00 00 00 00 00 00 00 00 
       00007D8E 00 00 00 00 00 00 00 00 00 00 
       00007D98 00 00 00 00 00 00 00 00 00 00 
       00007DA2 00 00 00 00 00 00 00 00 00 00 
       00007DAC 00 00 00 00 00 00 00 00 00 00 
       00007DB6 00 00 00 00 00 00 00 00 00 00 
       00007DC0 00 00 00 00 00 00 00 00 00 00 
       00007DCA 00 00 00 00 00 00 00 00 00 00 
       00007DD4 00 00 00 00 00 00 00 00 00 00 
       00007DDE 00 00 00 00 00 00 00 00 00 00 
       00007DE8 00 00 00 00 00 00 00 00 00 00 
       00007DF2 00 00 00 00 00 00 00 00 00 00 
       00007DFC 00 00 
   105 00007DFE 55 AA                                   DB      0x55, 0xaa
