     1 00000000                                 ; hello-os
     2 00000000                                 ; TAB = 4
     3 00000000                                 
     4                                                  ORG     0x7c00              ; 指明程序的装载地址
     5 00007C00                                 
     6 00007C00                                 ; 以下的记述用于标准FAT12格式的软盘
     7 00007C00                                 
     8 00007C00 EB 4E                                   JMP     entry
     9 00007C02 90                                      DB      0x90
    10 00007C03 48 41 52 49 42 4F 54 45                 DB      "HARIBOTE"          ; 启动区的名称可是任意的字符串
    11 00007C0B 0200                                    DW      512                 ; 每个扇区（sector）的大小（必须为512字节）
    12 00007C0D 01                                      DB      1                   ; 簇(cluster)的大小（必须为1个扇区）
    13 00007C0E 0001                                    DW      1                   ; FAT12的起始位置（一般从第一个扇区开始）
    14 00007C10 02                                      DB      2                   ; FAT的个数（必须为2）
    15 00007C11 00E0                                    DW      224                 ; 根目录的大小（一般设成224项）
    16 00007C13 0B40                                    DW      2880                ; 该磁盘的大小（必须是2880扇区）
    17 00007C15 F0                                      DB      0xf0                ; 磁盘的种类（必须是0xf0)
    18 00007C16 0009                                    DW      9                   ; FAT的长度（必须是9扇区）
    19 00007C18 0012                                    DW      18                  ; 一个磁道（track)有几个扇区（必须是18）
    20 00007C1A 0002                                    DW      2                   ; 磁头数（必须是2）
    21 00007C1C 00000000                                DD      0                   ; 不使用分区，必须是0
    22 00007C20 00000B40                                DD      2880                ; 重写一次磁盘大小
    23 00007C24 00 00 29                                DB      0,0,0x29            ; 意义不明固定
    24 00007C27 FFFFFFFF                                DD      0xffffffff          ; （可能是）卷标号码
    25 00007C2B 48 41 52 49 42 4F 54 45 4F 53           DB      "HARIBOTEOS "       ; 磁盘的名称（11字节）
       00007C35 20 
    26 00007C36 46 41 54 31 32 20 20 20                 DB      "FAT12   "          ; 磁盘格式名称
    27 00007C3E 00 00 00 00 00 00 00 00 00 00           RESB    18                  ; 先空出18字节
       00007C48 00 00 00 00 00 00 00 00 
    28 00007C50                                 
    29 00007C50                                 ; 程序主体
    30 00007C50                                 
    31 00007C50                                 entry:
    32 00007C50 B8 0000                                 MOV     AX,0
    33 00007C53 8E D0                                   MOV     SS,AX
    34 00007C55 BC 7C00                                 MOV     SP,0x7c00
    35 00007C58 8E D8                                   MOV     DS,AX
    36 00007C5A 8E C0                                   MOV     ES,AX
    37 00007C5C                                 
    38 00007C5C                                 ; 读光盘
    39 00007C5C                                 
    40 00007C5C B8 0820                                 MOV     AX,0x0820
    41 00007C5F 8E C0                                   MOV     ES,AX
    42 00007C61 B5 00                                   MOV     CH,0                ; 柱面0
    43 00007C63 B6 00                                   MOV     DH,0                ; 磁头0
    44 00007C65 B1 02                                   MOV     CL,2                ; 扇区2
    45 00007C67 B4 02                                   MOV     AH,0x02             ; AH=0x02 : 读盘
    46 00007C69 B0 01                                   MOV     AL,1                ; 1个扇区
    47 00007C6B BB 0000                                 MOV     BX,0
    48 00007C6E B2 00                                   MOV     DL,0x00             ; A驱动器
    49 00007C70 CD 13                                   INT     0x13                ; 调用磁盘BIOS
    50 00007C72 72 03                                   JC      error               ; 出现错误跳转到error
    51 00007C74                                 
    52 00007C74                                 ; 虽然读完了，但是因为暂时没有要做的事所以停止等待指令
    53 00007C74                                 
    54 00007C74                                 fin:
    55 00007C74 F4                                      HLT                         ; 让CPU停止，等待指令
    56 00007C75 EB FD                                   JMP     fin                 ; 无限循环
    57 00007C77                                 
    58 00007C77                                 error:
    59 00007C77 BE 7C8C                                 MOV     SI,msg
    60 00007C7A                                 
    61 00007C7A                                 putloop:
    62 00007C7A 8A 04                                   MOV     AL,[SI]
    63 00007C7C 83 C6 01                                ADD     SI,1                ; 给SI加1
    64 00007C7F 3C 00                                   CMP     AL,0
    65 00007C81 74 F1                                   JE      fin
    66 00007C83 B4 0E                                   MOV     AH,0x0e             ; 显示一个文字
    67 00007C85 BB 000A                                 MOV     BX,10               ; 指定字符颜色
    68 00007C88 CD 10                                   INT     0x10                ; 调用显卡BIOS
    69 00007C8A EB EE                                   JMP     putloop
    70 00007C8C                                 
    71 00007C8C                                 msg:
    72 00007C8C 0A 0A                                   DB      0x0a, 0x0a          ; 换行两次
    73 00007C8E 6C 6F 61 64 20 65 72 72 6F 72           DB      "load error"
    74 00007C98 0A                                      DB      0x0a
    75 00007C99 00                                      DB      0
    76 00007C9A 00 00 00 00 00 00 00 00 00 00           RESB    0x7dfe-$
       00007CA4 00 00 00 00 00 00 00 00 00 00 
       00007CAE 00 00 00 00 00 00 00 00 00 00 
       00007CB8 00 00 00 00 00 00 00 00 00 00 
       00007CC2 00 00 00 00 00 00 00 00 00 00 
       00007CCC 00 00 00 00 00 00 00 00 00 00 
       00007CD6 00 00 00 00 00 00 00 00 00 00 
       00007CE0 00 00 00 00 00 00 00 00 00 00 
       00007CEA 00 00 00 00 00 00 00 00 00 00 
       00007CF4 00 00 00 00 00 00 00 00 00 00 
       00007CFE 00 00 00 00 00 00 00 00 00 00 
       00007D08 00 00 00 00 00 00 00 00 00 00 
       00007D12 00 00 00 00 00 00 00 00 00 00 
       00007D1C 00 00 00 00 00 00 00 00 00 00 
       00007D26 00 00 00 00 00 00 00 00 00 00 
       00007D30 00 00 00 00 00 00 00 00 00 00 
       00007D3A 00 00 00 00 00 00 00 00 00 00 
       00007D44 00 00 00 00 00 00 00 00 00 00 
       00007D4E 00 00 00 00 00 00 00 00 00 00 
       00007D58 00 00 00 00 00 00 00 00 00 00 
       00007D62 00 00 00 00 00 00 00 00 00 00 
       00007D6C 00 00 00 00 00 00 00 00 00 00 
       00007D76 00 00 00 00 00 00 00 00 00 00 
       00007D80 00 00 00 00 00 00 00 00 00 00 
       00007D8A 00 00 00 00 00 00 00 00 00 00 
       00007D94 00 00 00 00 00 00 00 00 00 00 
       00007D9E 00 00 00 00 00 00 00 00 00 00 
       00007DA8 00 00 00 00 00 00 00 00 00 00 
       00007DB2 00 00 00 00 00 00 00 00 00 00 
       00007DBC 00 00 00 00 00 00 00 00 00 00 
       00007DC6 00 00 00 00 00 00 00 00 00 00 
       00007DD0 00 00 00 00 00 00 00 00 00 00 
       00007DDA 00 00 00 00 00 00 00 00 00 00 
       00007DE4 00 00 00 00 00 00 00 00 00 00 
       00007DEE 00 00 00 00 00 00 00 00 00 00 
       00007DF8 00 00 00 00 00 00 
    77 00007DFE 55 AA                                   DB      0x55, 0xaa
